# JRE version: Java(TM) SE Runtime Environment (8.0_51-b16) (build 1.8.0_51-b16)
# Java VM: Java HotSpot(TM) 64-Bit Server VM (25.51-b03 mixed mode windows-amd64 compressed oops)
Heap:
 PSYoungGen      total 132096K, used 132092K [0x00000000f5580000, 0x0000000100000000, 0x0000000100000000)
  eden space 89600K, 100% used [0x00000000f5580000,0x00000000fad00000,0x00000000fad00000)
  from space 42496K, 99% used [0x00000000fad00000,0x00000000fd67f228,0x00000000fd680000)
  to   space 42496K, 99% used [0x00000000fd680000,0x00000000fffff1a8,0x0000000100000000)
 ParOldGen       total 177664K, used 151729K [0x00000000e0000000, 0x00000000ead80000, 0x00000000f5580000)
  object space 177664K, 85% used [0x00000000e0000000,0x00000000e942c420,0x00000000ead80000)
 Metaspace       used 38311K, capacity 38926K, committed 39040K, reserved 1083392K
  class space    used 4087K, capacity 4224K, committed 4224K, reserved 1048576K
GC Heap History (10 events):
Event: 68.186 GC heap after
Heap after GC invocations=93 (full 4):
 PSYoungGen      total 162304K, used 0K [0x00000000f5580000, 0x0000000100000000, 0x0000000100000000)
  eden space 151552K, 0% used [0x00000000f5580000,0x00000000f5580000,0x00000000fe980000)
  from space 10752K, 0% used [0x00000000fe980000,0x00000000fe980000,0x00000000ff400000)
  to   space 12288K, 0% used [0x00000000ff400000,0x00000000ff400000,0x0000000100000000)
 ParOldGen       total 177664K, used 94402K [0x00000000e0000000, 0x00000000ead80000, 0x00000000f5580000)
  object space 177664K, 53% used [0x00000000e0000000,0x00000000e5c309d8,0x00000000ead80000)
 Metaspace       used 37521K, capacity 38158K, committed 38272K, reserved 1083392K
  class space    used 4067K, capacity 4224K, committed 4224K, reserved 1048576K
}
Event: 69.694 GC heap before
{Heap before GC invocations=94 (full 4):
 PSYoungGen      total 162304K, used 151552K [0x00000000f5580000, 0x0000000100000000, 0x0000000100000000)
  eden space 151552K, 100% used [0x00000000f5580000,0x00000000fe980000,0x00000000fe980000)
  from space 10752K, 0% used [0x00000000fe980000,0x00000000fe980000,0x00000000ff400000)
  to   space 12288K, 0% used [0x00000000ff400000,0x00000000ff400000,0x0000000100000000)
 ParOldGen       total 177664K, used 94402K [0x00000000e0000000, 0x00000000ead80000, 0x00000000f5580000)
  object space 177664K, 53% used [0x00000000e0000000,0x00000000e5c309d8,0x00000000ead80000)
 Metaspace       used 37948K, capacity 38606K, committed 38784K, reserved 1083392K
  class space    used 4084K, capacity 4224K, committed 4224K, reserved 1048576K
Event: 69.769 GC heap after
Heap after GC invocations=94 (full 4):
 PSYoungGen      total 119296K, used 12283K [0x00000000f5580000, 0x0000000100000000, 0x0000000100000000)
  eden space 107008K, 0% used [0x00000000f5580000,0x00000000f5580000,0x00000000fbe00000)
  from space 12288K, 99% used [0x00000000ff400000,0x00000000ffffef78,0x0000000100000000)
  to   space 33792K, 0% used [0x00000000fbe00000,0x00000000fbe00000,0x00000000fdf00000)
 ParOldGen       total 177664K, used 117389K [0x00000000e0000000, 0x00000000ead80000, 0x00000000f5580000)
  object space 177664K, 66% used [0x00000000e0000000,0x00000000e72a3550,0x00000000ead80000)
 Metaspace       used 37948K, capacity 38606K, committed 38784K, reserved 1083392K
  class space    used 4084K, capacity 4224K, committed 4224K, reserved 1048576K
}
Event: 70.414 GC heap before
{Heap before GC invocations=95 (full 4):
 PSYoungGen      total 119296K, used 119291K [0x00000000f5580000, 0x0000000100000000, 0x0000000100000000)
  eden space 107008K, 100% used [0x00000000f5580000,0x00000000fbe00000,0x00000000fbe00000)
  from space 12288K, 99% used [0x00000000ff400000,0x00000000ffffef78,0x0000000100000000)
  to   space 33792K, 0% used [0x00000000fbe00000,0x00000000fbe00000,0x00000000fdf00000)
 ParOldGen       total 177664K, used 117389K [0x00000000e0000000, 0x00000000ead80000, 0x00000000f5580000)
  object space 177664K, 66% used [0x00000000e0000000,0x00000000e72a3550,0x00000000ead80000)
 Metaspace       used 37948K, capacity 38606K, committed 38784K, reserved 1083392K
  class space    used 4084K, capacity 4224K, committed 4224K, reserved 1048576K
Event: 70.453 GC heap after
Heap after GC invocations=95 (full 4):
 PSYoungGen      total 128512K, used 21244K [0x00000000f5580000, 0x0000000100000000, 0x0000000100000000)
  eden space 107008K, 0% used [0x00000000f5580000,0x00000000f5580000,0x00000000fbe00000)
  from space 21504K, 98% used [0x00000000fbe00000,0x00000000fd2bf168,0x00000000fd300000)
  to   space 35328K, 0% used [0x00000000fdd80000,0x00000000fdd80000,0x0000000100000000)
 ParOldGen       total 177664K, used 117389K [0x00000000e0000000, 0x00000000ead80000, 0x00000000f5580000)
  object space 177664K, 66% used [0x00000000e0000000,0x00000000e72a3550,0x00000000ead80000)
 Metaspace       used 37948K, capacity 38606K, committed 38784K, reserved 1083392K
  class space    used 4084K, capacity 4224K, committed 4224K, reserved 1048576K
}
Event: 70.802 GC heap before
{Heap before GC invocations=96 (full 4):
 PSYoungGen      total 128512K, used 128252K [0x00000000f5580000, 0x0000000100000000, 0x0000000100000000)
  eden space 107008K, 100% used [0x00000000f5580000,0x00000000fbe00000,0x00000000fbe00000)
  from space 21504K, 98% used [0x00000000fbe00000,0x00000000fd2bf168,0x00000000fd300000)
  to   space 35328K, 0% used [0x00000000fdd80000,0x00000000fdd80000,0x0000000100000000)
 ParOldGen       total 177664K, used 117389K [0x00000000e0000000, 0x00000000ead80000, 0x00000000f5580000)
  object space 177664K, 66% used [0x00000000e0000000,0x00000000e72a3550,0x00000000ead80000)
 Metaspace       used 37948K, capacity 38606K, committed 38784K, reserved 1083392K
  class space    used 4084K, capacity 4224K, committed 4224K, reserved 1048576K
Event: 70.851 GC heap after
Heap after GC invocations=96 (full 4):
 PSYoungGen      total 124928K, used 35324K [0x00000000f5580000, 0x0000000100000000, 0x0000000100000000)
  eden space 89600K, 0% used [0x00000000f5580000,0x00000000f5580000,0x00000000fad00000)
  from space 35328K, 99% used [0x00000000fdd80000,0x00000000fffff248,0x0000000100000000)
  to   space 42496K, 0% used [0x00000000fad00000,0x00000000fad00000,0x00000000fd680000)
 ParOldGen       total 177664K, used 118171K [0x00000000e0000000, 0x00000000ead80000, 0x00000000f5580000)
  object space 177664K, 66% used [0x00000000e0000000,0x00000000e7366e90,0x00000000ead80000)
 Metaspace       used 37948K, capacity 38606K, committed 38784K, reserved 1083392K
  class space    used 4084K, capacity 4224K, committed 4224K, reserved 1048576K
}
Event: 71.524 GC heap before
{Heap before GC invocations=97 (full 4):
 PSYoungGen      total 124928K, used 124924K [0x00000000f5580000, 0x0000000100000000, 0x0000000100000000)
  eden space 89600K, 100% used [0x00000000f5580000,0x00000000fad00000,0x00000000fad00000)
  from space 35328K, 99% used [0x00000000fdd80000,0x00000000fffff248,0x0000000100000000)
  to   space 42496K, 0% used [0x00000000fad00000,0x00000000fad00000,0x00000000fd680000)
 ParOldGen       total 177664K, used 118171K [0x00000000e0000000, 0x00000000ead80000, 0x00000000f5580000)
  object space 177664K, 66% used [0x00000000e0000000,0x00000000e7366e90,0x00000000ead80000)
 Metaspace       used 38301K, capacity 38926K, committed 39040K, reserved 1083392K
  class space    used 4087K, capacity 4224K, committed 4224K, reserved 1048576K
Event: 71.654 GC heap after
Heap after GC invocations=97 (full 4):
 PSYoungGen      total 132096K, used 42492K [0x00000000f5580000, 0x0000000100000000, 0x0000000100000000)
  eden space 89600K, 0% used [0x00000000f5580000,0x00000000f5580000,0x00000000fad00000)
  from space 42496K, 99% used [0x00000000fad00000,0x00000000fd67f228,0x00000000fd680000)
  to   space 42496K, 0% used [0x00000000fd680000,0x00000000fd680000,0x0000000100000000)
 ParOldGen       total 177664K, used 125322K [0x00000000e0000000, 0x00000000ead80000, 0x00000000f5580000)
  object space 177664K, 70% used [0x00000000e0000000,0x00000000e7a62858,0x00000000ead80000)
 Metaspace       used 38301K, capacity 38926K, committed 39040K, reserved 1083392K
  class space    used 4087K, capacity 4224K, committed 4224K, reserved 1048576K
}
Event: 72.224 GC heap before
{Heap before GC invocations=98 (full 4):
 PSYoungGen      total 132096K, used 132092K [0x00000000f5580000, 0x0000000100000000, 0x0000000100000000)
  eden space 89600K, 100% used [0x00000000f5580000,0x00000000fad00000,0x00000000fad00000)
  from space 42496K, 99% used [0x00000000fad00000,0x00000000fd67f228,0x00000000fd680000)
  to   space 42496K, 0% used [0x00000000fd680000,0x00000000fd680000,0x0000000100000000)
 ParOldGen       total 177664K, used 125322K [0x00000000e0000000, 0x00000000ead80000, 0x00000000f5580000)
  object space 177664K, 70% used [0x00000000e0000000,0x00000000e7a62858,0x00000000ead80000)
 Metaspace       used 38311K, capacity 38926K, committed 39040K, reserved 1083392K
  class space    used 4087K, capacity 4224K, committed 4224K, reserved 1048576K

